<?xml version="1.0" encoding="UTF-8"?>
<!-- Generated by org.testng.reporters.JUnitReportReporter -->
<testsuite hostname="CORE" failures="0" tests="1" name="cucumberRunner.testRunner" time="34.920" errors="0" timestamp="2021-05-12T15:57:00 IST" skipped="0">
  <testcase classname="cucumberRunner.testRunner" name="feature" time="34.920"/>
  <system-out/>
</testsuite> <!-- cucumberRunner.testRunner -->
