<?xml version="1.0" encoding="UTF-8"?>
<!-- Generated by org.testng.reporters.JUnitReportReporter -->
<testsuite hostname="CORE" failures="0" tests="1" name="academy.validateNavigationBar_Test" time="0.350" errors="0" timestamp="2021-05-09T10:00:50 IST" skipped="0">
  <testcase classname="academy.validateNavigationBar_Test" name="basePageNavigation" time="0.350"/>
  <system-out/>
</testsuite> <!-- academy.validateNavigationBar_Test -->
