<?xml version="1.0" encoding="UTF-8"?>
<!-- Generated by org.testng.reporters.JUnitReportReporter -->
<testsuite hostname="CORE" failures="0" tests="1" name="academy.HomePageTest" time="12.054" errors="0" timestamp="2021-05-07T08:21:09 IST" skipped="0">
  <testcase classname="academy.HomePageTest" name="basePageNavigation" time="12.054"/>
  <system-out/>
</testsuite> <!-- academy.HomePageTest -->
