<?xml version="1.0" encoding="UTF-8"?>
<!-- Generated by org.testng.reporters.JUnitReportReporter -->
<testsuite hostname="CORE" failures="0" tests="1" name="academy.validateTitle_Test" time="0.234" errors="0" timestamp="2021-05-09T10:00:50 IST" skipped="0">
  <testcase classname="academy.validateTitle_Test" name="basePageNavigation" time="0.234"/>
  <system-out/>
</testsuite> <!-- academy.validateTitle_Test -->
